<?xml version="1.0" encoding="UTF-8"?>
<testsuite xmlns:xsi="http://www.w3.org/2001/XMLSchema-instance" xsi:noNamespaceSchemaLocation="https://maven.apache.org/surefire/maven-surefire-plugin/xsd/surefire-test-report-3.0.xsd" version="3.0" name="com.orderqueryservice.app.OrderQueryServiceApplicationTests" time="9.73" tests="1" errors="0" skipped="0" failures="0">
  <properties>
[...]
</properties>
  <testcase name="contextLoads" classname="com.orderqueryservice.app.OrderQueryServiceApplicationTests" time="1.289">
    <system-out><![CDATA[19:44:13.510 [main] INFO org.springframework.test.context.support.AnnotationConfigContextLoaderUtils -- Could not detect default configuration classes for test class [com.orderqueryservice.app.OrderQueryServiceApplicationTests]: OrderQueryServiceApplicationTests does not declare any static, non-private, non-final, nested classes annotated with @Configuration.
19:44:13.682 [main] INFO org.springframework.boot.test.context.SpringBootTestContextBootstrapper -- Found @SpringBootConfiguration com.orderqueryservice.app.OrderQueryServiceApplication for test class com.orderqueryservice.app.OrderQueryServiceApplicationTests

  .   ____          _            __ _ _
 /\\ / ___'_ __ _ _(_)_ __  __ _ \ \ \ \
( ( )\___ | '_ | '_| | '_ \/ _` | \ \ \ \
 \\/  ___)| |_)| | | | | || (_| |  ) ) ) )
  '  |____| .__|_| |_|_| |_\__, | / / / /
 =========|_|==============|___/=/_/_/_/
 :: Spring Boot ::                (v3.2.1)

2024-01-07T19:44:14.379+05:30  INFO 145129 --- [order-query-service] [           main] c.o.a.OrderQueryServiceApplicationTests  : Starting OrderQueryServiceApplicationTests using Java 17.0.7 with PID 145129 (started by mohit in /home/mohit/Documents/workspace-spring-tool-suite-4-4.19.1.RELEASE/OrderQueryService)
2024-01-07T19:44:14.384+05:30  INFO 145129 --- [order-query-service] [           main] c.o.a.OrderQueryServiceApplicationTests  : No active profile set, falling back to 1 default profile: "default"
2024-01-07T19:44:15.581+05:30  INFO 145129 --- [order-query-service] [           main] .s.d.r.c.RepositoryConfigurationDelegate : Bootstrapping Spring Data JPA repositories in DEFAULT mode.
2024-01-07T19:44:15.679+05:30  INFO 145129 --- [order-query-service] [           main] .s.d.r.c.RepositoryConfigurationDelegate : Finished Spring Data repository scanning in 84 ms. Found 1 JPA repository interface.
2024-01-07T19:44:16.498+05:30  INFO 145129 --- [order-query-service] [           main] com.zaxxer.hikari.HikariDataSource       : HikariPool-1 - Starting...
2024-01-07T19:44:16.887+05:30  INFO 145129 --- [order-query-service] [           main] com.zaxxer.hikari.pool.HikariPool        : HikariPool-1 - Added connection conn0: url=jdbc:h2:mem:testdb user=ROOT
2024-01-07T19:44:16.891+05:30  INFO 145129 --- [order-query-service] [           main] com.zaxxer.hikari.HikariDataSource       : HikariPool-1 - Start completed.
2024-01-07T19:44:16.988+05:30  INFO 145129 --- [order-query-service] [           main] o.hibernate.jpa.internal.util.LogHelper  : HHH000204: Processing PersistenceUnitInfo [name: default]
2024-01-07T19:44:17.092+05:30  INFO 145129 --- [order-query-service] [           main] org.hibernate.Version                    : HHH000412: Hibernate ORM core version 6.4.1.Final
2024-01-07T19:44:17.167+05:30  INFO 145129 --- [order-query-service] [           main] o.h.c.internal.RegionFactoryInitiator    : HHH000026: Second-level cache disabled
2024-01-07T19:44:17.771+05:30  INFO 145129 --- [order-query-service] [           main] o.s.o.j.p.SpringPersistenceUnitInfo      : No LoadTimeWeaver setup: ignoring JPA class transformer
2024-01-07T19:44:19.348+05:30  INFO 145129 --- [order-query-service] [           main] o.h.e.t.j.p.i.JtaPlatformInitiator       : HHH000489: No JTA platform available (set 'hibernate.transaction.jta.platform' to enable JTA platform integration)
2024-01-07T19:44:19.395+05:30  INFO 145129 --- [order-query-service] [           main] j.LocalContainerEntityManagerFactoryBean : Initialized JPA EntityManagerFactory for persistence unit 'default'
2024-01-07T19:44:20.220+05:30  WARN 145129 --- [order-query-service] [           main] JpaBaseConfiguration$JpaWebConfiguration : spring.jpa.open-in-view is enabled by default. Therefore, database queries may be performed during view rendering. Explicitly configure spring.jpa.open-in-view to disable this warning
2024-01-07T19:44:20.802+05:30  INFO 145129 --- [order-query-service] [           main] o.s.b.a.h2.H2ConsoleAutoConfiguration    : H2 console available at '/h2-console'. Database available at 'jdbc:h2:mem:testdb'
2024-01-07T19:44:21.172+05:30  INFO 145129 --- [order-query-service] [           main] o.a.k.clients.consumer.ConsumerConfig    : ConsumerConfig values: 
	allow.auto.create.topics = true
	auto.commit.interval.ms = 5000
	auto.include.jmx.reporter = true
	auto.offset.reset = latest
	bootstrap.servers = [http://localhost:9092]
	check.crcs = true
	client.dns.lookup = use_all_dns_ips
	client.id = consumer-my-group-id-1
	client.rack = 
	connections.max.idle.ms = 540000
	default.api.timeout.ms = 60000
	enable.auto.commit = false
	exclude.internal.topics = true
	fetch.max.bytes = 52428800
	fetch.max.wait.ms = 500
	fetch.min.bytes = 1
	group.id = my-group-id
	group.instance.id = null
	heartbeat.interval.ms = 3000
	interceptor.classes = []
	internal.leave.group.on.close = true
	internal.throw.on.fetch.stable.offset.unsupported = false
	isolation.level = read_uncommitted
	key.deserializer = class org.apache.kafka.common.serialization.StringDeserializer
	max.partition.fetch.bytes = 1048576
	max.poll.interval.ms = 300000
	max.poll.records = 500
	metadata.max.age.ms = 300000
	metric.reporters = []
	metrics.num.samples = 2
	metrics.recording.level = INFO
	metrics.sample.window.ms = 30000
	partition.assignment.strategy = [class org.apache.kafka.clients.consumer.RangeAssignor, class org.apache.kafka.clients.consumer.CooperativeStickyAssignor]
	receive.buffer.bytes = 65536
	reconnect.backoff.max.ms = 1000
	reconnect.backoff.ms = 50
	request.timeout.ms = 30000
	retry.backoff.ms = 100
	sasl.client.callback.handler.class = null
	sasl.jaas.config = null
	sasl.kerberos.kinit.cmd = /usr/bin/kinit
	sasl.kerberos.min.time.before.relogin = 60000
	sasl.kerberos.service.name = null
	sasl.kerberos.ticket.renew.jitter = 0.05
	sasl.kerberos.ticket.renew.window.factor = 0.8
	sasl.login.callback.handler.class = null
	sasl.login.class = null
	sasl.login.connect.timeout.ms = null
	sasl.login.read.timeout.ms = null
	sasl.login.refresh.buffer.seconds = 300
	sasl.login.refresh.min.period.seconds = 60
	sasl.login.refresh.window.factor = 0.8
	sasl.login.refresh.window.jitter = 0.05
	sasl.login.retry.backoff.max.ms = 10000
	sasl.login.retry.backoff.ms = 100
	sasl.mechanism = GSSAPI
	sasl.oauthbearer.clock.skew.seconds = 30
	sasl.oauthbearer.expected.audience = null
	sasl.oauthbearer.expected.issuer = null
	sasl.oauthbearer.jwks.endpoint.refresh.ms = 3600000
	sasl.oauthbearer.jwks.endpoint.retry.backoff.max.ms = 10000
	sasl.oauthbearer.jwks.endpoint.retry.backoff.ms = 100
	sasl.oauthbearer.jwks.endpoint.url = null
	sasl.oauthbearer.scope.claim.name = scope
	sasl.oauthbearer.sub.claim.name = sub
	sasl.oauthbearer.token.endpoint.url = null
	security.protocol = PLAINTEXT
	security.providers = null
	send.buffer.bytes = 131072
	session.timeout.ms = 45000
	socket.connection.setup.timeout.max.ms = 30000
	socket.connection.setup.timeout.ms = 10000
	ssl.cipher.suites = null
	ssl.enabled.protocols = [TLSv1.2, TLSv1.3]
	ssl.endpoint.identification.algorithm = https
	ssl.engine.factory.class = null
	ssl.key.password = null
	ssl.keymanager.algorithm = SunX509
	ssl.keystore.certificate.chain = null
	ssl.keystore.key = null
	ssl.keystore.location = null
	ssl.keystore.password = null
	ssl.keystore.type = JKS
	ssl.protocol = TLSv1.3
	ssl.provider = null
	ssl.secure.random.implementation = null
	ssl.trustmanager.algorithm = PKIX
	ssl.truststore.certificates = null
	ssl.truststore.location = null
	ssl.truststore.password = null
	ssl.truststore.type = JKS
	value.deserializer = class org.springframework.kafka.support.serializer.JsonDeserializer

2024-01-07T19:44:21.494+05:30  INFO 145129 --- [order-query-service] [           main] o.a.kafka.common.utils.AppInfoParser     : Kafka version: 3.6.1
2024-01-07T19:44:21.495+05:30  INFO 145129 --- [order-query-service] [           main] o.a.kafka.common.utils.AppInfoParser     : Kafka commitId: 5e3c2b738d253ff5
2024-01-07T19:44:21.497+05:30  INFO 145129 --- [order-query-service] [           main] o.a.kafka.common.utils.AppInfoParser     : Kafka startTimeMs: 1704636861492
2024-01-07T19:44:21.503+05:30  INFO 145129 --- [order-query-service] [           main] fkaConsumerFactory$ExtendedKafkaConsumer : [Consumer clientId=consumer-my-group-id-1, groupId=my-group-id] Subscribed to topic(s): order-topic
2024-01-07T19:44:21.578+05:30  INFO 145129 --- [order-query-service] [           main] c.o.a.OrderQueryServiceApplicationTests  : Started OrderQueryServiceApplicationTests in 7.639 seconds (process running for 9.359)
2024-01-07T19:44:22.307+05:30  INFO 145129 --- [order-query-service] [ntainer#0-0-C-1] org.apache.kafka.clients.Metadata        : [Consumer clientId=consumer-my-group-id-1, groupId=my-group-id] Cluster ID: VthvTcuGQEC89hNHBfq32A
2024-01-07T19:44:22.309+05:30  INFO 145129 --- [order-query-service] [ntainer#0-0-C-1] o.a.k.c.c.internals.ConsumerCoordinator  : [Consumer clientId=consumer-my-group-id-1, groupId=my-group-id] Discovered group coordinator mohit-HP-Laptop-15-da0xxx:9092 (id: 2147483647 rack: null)
2024-01-07T19:44:22.313+05:30  INFO 145129 --- [order-query-service] [ntainer#0-0-C-1] o.a.k.c.c.internals.ConsumerCoordinator  : [Consumer clientId=consumer-my-group-id-1, groupId=my-group-id] (Re-)joining group
2024-01-07T19:44:22.338+05:30  INFO 145129 --- [order-query-service] [ntainer#0-0-C-1] o.a.k.c.c.internals.ConsumerCoordinator  : [Consumer clientId=consumer-my-group-id-1, groupId=my-group-id] Request joining group due to: need to re-join with the given member-id: consumer-my-group-id-1-bca780cd-5799-4bc4-b34a-3b1b70ced484
2024-01-07T19:44:22.340+05:30  INFO 145129 --- [order-query-service] [ntainer#0-0-C-1] o.a.k.c.c.internals.ConsumerCoordinator  : [Consumer clientId=consumer-my-group-id-1, groupId=my-group-id] Request joining group due to: rebalance failed due to 'The group member needs to have a valid member id before actually entering a consumer group.' (MemberIdRequiredException)
2024-01-07T19:44:22.340+05:30  INFO 145129 --- [order-query-service] [ntainer#0-0-C-1] o.a.k.c.c.internals.ConsumerCoordinator  : [Consumer clientId=consumer-my-group-id-1, groupId=my-group-id] (Re-)joining group
2024-01-07T19:44:22.349+05:30  INFO 145129 --- [order-query-service] [ntainer#0-0-C-1] o.a.k.c.c.internals.ConsumerCoordinator  : [Consumer clientId=consumer-my-group-id-1, groupId=my-group-id] Successfully joined group with generation Generation{generationId=9, memberId='consumer-my-group-id-1-bca780cd-5799-4bc4-b34a-3b1b70ced484', protocol='range'}
2024-01-07T19:44:22.367+05:30  INFO 145129 --- [order-query-service] [ntainer#0-0-C-1] o.a.k.c.c.internals.ConsumerCoordinator  : [Consumer clientId=consumer-my-group-id-1, groupId=my-group-id] Finished assignment for group at generation 9: {consumer-my-group-id-1-bca780cd-5799-4bc4-b34a-3b1b70ced484=Assignment(partitions=[order-topic-0])}
2024-01-07T19:44:22.376+05:30  INFO 145129 --- [order-query-service] [ntainer#0-0-C-1] o.a.k.c.c.internals.ConsumerCoordinator  : [Consumer clientId=consumer-my-group-id-1, groupId=my-group-id] Successfully synced group in generation Generation{generationId=9, memberId='consumer-my-group-id-1-bca780cd-5799-4bc4-b34a-3b1b70ced484', protocol='range'}
2024-01-07T19:44:22.380+05:30  INFO 145129 --- [order-query-service] [ntainer#0-0-C-1] o.a.k.c.c.internals.ConsumerCoordinator  : [Consumer clientId=consumer-my-group-id-1, groupId=my-group-id] Notifying assignor about the new Assignment(partitions=[order-topic-0])
2024-01-07T19:44:22.384+05:30  INFO 145129 --- [order-query-service] [ntainer#0-0-C-1] o.a.k.c.c.internals.ConsumerCoordinator  : [Consumer clientId=consumer-my-group-id-1, groupId=my-group-id] Adding newly assigned partitions: order-topic-0
2024-01-07T19:44:22.408+05:30  INFO 145129 --- [order-query-service] [ntainer#0-0-C-1] o.a.k.c.c.internals.ConsumerCoordinator  : [Consumer clientId=consumer-my-group-id-1, groupId=my-group-id] Setting offset for partition order-topic-0 to the committed offset FetchPosition{offset=17, offsetEpoch=Optional.empty, currentLeader=LeaderAndEpoch{leader=Optional[mohit-HP-Laptop-15-da0xxx:9092 (id: 0 rack: null)], epoch=0}}
2024-01-07T19:44:22.413+05:30  INFO 145129 --- [order-query-service] [ntainer#0-0-C-1] o.s.k.l.KafkaMessageListenerContainer    : my-group-id: partitions assigned: [order-topic-0]
]]></system-out>
  </testcase>
</testsuite>