<?xml version="1.0" encoding="UTF-8"?>
<testsuite xmlns:xsi="http://www.w3.org/2001/XMLSchema-instance" xsi:noNamespaceSchemaLocation="https://maven.apache.org/surefire/maven-surefire-plugin/xsd/surefire-test-report-3.0.xsd" version="3.0" name="com.gateway.GatewayApplicationTests" time="6.104" tests="1" errors="0" skipped="0" failures="0">
  <properties>
[...]
</properties>
  <testcase name="contextLoads" classname="com.gateway.GatewayApplicationTests" time="1.313">
    <system-out><![CDATA[15:20:14.300 [main] INFO org.springframework.test.context.support.AnnotationConfigContextLoaderUtils -- Could not detect default configuration classes for test class [com.gateway.GatewayApplicationTests]: GatewayApplicationTests does not declare any static, non-private, non-final, nested classes annotated with @Configuration.
15:20:14.501 [main] INFO org.springframework.boot.test.context.SpringBootTestContextBootstrapper -- Found @SpringBootConfiguration com.gateway.GatewayApplication for test class com.gateway.GatewayApplicationTests

  .   ____          _            __ _ _
 /\\ / ___'_ __ _ _(_)_ __  __ _ \ \ \ \
( ( )\___ | '_ | '_| | '_ \/ _` | \ \ \ \
 \\/  ___)| |_)| | | | | || (_| |  ) ) ) )
  '  |____| .__|_| |_|_| |_\__, | / / / /
 =========|_|==============|___/=/_/_/_/
 :: Spring Boot ::                (v3.2.1)

2024-01-07T15:20:15.410+05:30  INFO 84997 --- [gateway] [           main] com.gateway.GatewayApplicationTests      : Starting GatewayApplicationTests using Java 17.0.7 with PID 84997 (started by mohit in /home/mohit/Documents/workspace-spring-tool-suite-4-4.19.1.RELEASE/Gateway)
2024-01-07T15:20:15.413+05:30  INFO 84997 --- [gateway] [           main] com.gateway.GatewayApplicationTests      : No active profile set, falling back to 1 default profile: "default"
2024-01-07T15:20:16.768+05:30  INFO 84997 --- [gateway] [           main] o.s.cloud.context.scope.GenericScope     : BeanFactory id=20f192e5-cb23-398a-88ca-ca5fad9ba67d
2024-01-07T15:20:18.359+05:30  INFO 84997 --- [gateway] [           main] o.s.c.g.r.RouteDefinitionRouteLocator    : Loaded RoutePredicateFactory [After]
2024-01-07T15:20:18.359+05:30  INFO 84997 --- [gateway] [           main] o.s.c.g.r.RouteDefinitionRouteLocator    : Loaded RoutePredicateFactory [Before]
2024-01-07T15:20:18.360+05:30  INFO 84997 --- [gateway] [           main] o.s.c.g.r.RouteDefinitionRouteLocator    : Loaded RoutePredicateFactory [Between]
2024-01-07T15:20:18.360+05:30  INFO 84997 --- [gateway] [           main] o.s.c.g.r.RouteDefinitionRouteLocator    : Loaded RoutePredicateFactory [Cookie]
2024-01-07T15:20:18.360+05:30  INFO 84997 --- [gateway] [           main] o.s.c.g.r.RouteDefinitionRouteLocator    : Loaded RoutePredicateFactory [Header]
2024-01-07T15:20:18.360+05:30  INFO 84997 --- [gateway] [           main] o.s.c.g.r.RouteDefinitionRouteLocator    : Loaded RoutePredicateFactory [Host]
2024-01-07T15:20:18.361+05:30  INFO 84997 --- [gateway] [           main] o.s.c.g.r.RouteDefinitionRouteLocator    : Loaded RoutePredicateFactory [Method]
2024-01-07T15:20:18.361+05:30  INFO 84997 --- [gateway] [           main] o.s.c.g.r.RouteDefinitionRouteLocator    : Loaded RoutePredicateFactory [Path]
2024-01-07T15:20:18.361+05:30  INFO 84997 --- [gateway] [           main] o.s.c.g.r.RouteDefinitionRouteLocator    : Loaded RoutePredicateFactory [Query]
2024-01-07T15:20:18.361+05:30  INFO 84997 --- [gateway] [           main] o.s.c.g.r.RouteDefinitionRouteLocator    : Loaded RoutePredicateFactory [ReadBody]
2024-01-07T15:20:18.361+05:30  INFO 84997 --- [gateway] [           main] o.s.c.g.r.RouteDefinitionRouteLocator    : Loaded RoutePredicateFactory [RemoteAddr]
2024-01-07T15:20:18.362+05:30  INFO 84997 --- [gateway] [           main] o.s.c.g.r.RouteDefinitionRouteLocator    : Loaded RoutePredicateFactory [XForwardedRemoteAddr]
2024-01-07T15:20:18.362+05:30  INFO 84997 --- [gateway] [           main] o.s.c.g.r.RouteDefinitionRouteLocator    : Loaded RoutePredicateFactory [Weight]
2024-01-07T15:20:18.362+05:30  INFO 84997 --- [gateway] [           main] o.s.c.g.r.RouteDefinitionRouteLocator    : Loaded RoutePredicateFactory [CloudFoundryRouteService]
2024-01-07T15:20:18.796+05:30  INFO 84997 --- [gateway] [           main] com.gateway.GatewayApplicationTests      : Started GatewayApplicationTests in 3.984 seconds (process running for 5.733)
]]></system-out>
  </testcase>
</testsuite>